2026-03-23 14:37:35 - BASH - --- Starting automated pipeline ---
2026-03-23 14:37:35 - BASH - Creating Python virtual environment...
2026-03-23 14:37:37 - BASH - Activating virtual environment...
2026-03-23 14:37:37 - BASH - Downloading CSV dataset...
2026-03-23 14:37:37 - BASH - Download successful.
2026-03-23 14:37:37 - BASH - Running Python data processor...
2026-03-23 14:37:38,020 - PYTHON - INFO - Data processed successfully. JSON and CSV created.
2026-03-23 14:37:38 - BASH - Python script finished successfully.
2026-03-23 14:37:38 - BASH - --- Pipeline completed successfully! ---
2026-03-23 15:00:01 - BASH - --- Starting automated pipeline ---
2026-03-23 15:00:01 - BASH - Activating virtual environment...
2026-03-23 15:00:01 - BASH - Downloading CSV dataset...
2026-03-23 15:00:01 - BASH - Download successful.
2026-03-23 15:00:01 - BASH - Running Python data processor...
2026-03-23 15:00:01,972 - PYTHON - INFO - Data processed successfully. JSON and CSV created.
2026-03-23 15:00:01 - BASH - Python script finished successfully.
2026-03-23 15:00:01 - BASH - --- Pipeline completed successfully! ---
2026-03-23 15:03:56 - BASH - --- Starting automated pipeline ---
2026-03-23 15:03:56 - BASH - Activating virtual environment...
2026-03-23 15:03:56 - BASH - Downloading CSV dataset...
2026-03-23 15:03:57 - BASH - Download successful.
2026-03-23 15:03:57 - BASH - Running Python data processor...
2026-03-23 15:03:57,181 - PYTHON - INFO - Data processed successfully. JSON and CSV created.
2026-03-23 15:03:57 - BASH - Python script finished successfully.
2026-03-23 15:03:57 - BASH - --- Pipeline completed successfully! ---
